[debug] [2026-05-05T13:39:02.738Z] ----------------------------------------------------------------------
[debug] [2026-05-05T13:39:02.739Z] Command:       C:\Program Files\nodejs\node.exe C:\Users\Chiara\AppData\Roaming\npm\node_modules\firebase-tools\lib\bin\firebase.js apphosting:backends:create
[debug] [2026-05-05T13:39:02.740Z] CLI Version:   15.16.0
[debug] [2026-05-05T13:39:02.740Z] Platform:      win32
[debug] [2026-05-05T13:39:02.740Z] Node Version:  v22.14.0
[debug] [2026-05-05T13:39:02.740Z] Time:          Tue May 05 2026 15:39:02 GMT+0200 (Ora legale dell’Europa centrale)
[debug] [2026-05-05T13:39:02.740Z] ----------------------------------------------------------------------
[debug] 
[debug] [2026-05-05T13:39:02.901Z] > command requires scopes: ["email","openid","https://www.googleapis.com/auth/cloudplatformprojects.readonly","https://www.googleapis.com/auth/firebase","https://www.googleapis.com/auth/cloud-platform"]
[debug] [2026-05-05T13:39:02.901Z] > authorizing via signed-in user (chiara.rotolo@iginius.net)
[debug] [2026-05-05T13:39:02.903Z] Checked if tokens are valid: true, expires at: 1777991930411
[debug] [2026-05-05T13:39:02.903Z] Checked if tokens are valid: true, expires at: 1777991930411
[debug] [2026-05-05T13:39:02.904Z] >>> [apiv2][query] POST https://iam.googleapis.com/v1/projects/convai-monitor/serviceAccounts/firebase-app-hosting-compute@convai-monitor.iam.gserviceaccount.com:testIamPermissions [none]
[debug] [2026-05-05T13:39:02.904Z] >>> [apiv2][(partial)header] POST https://iam.googleapis.com/v1/projects/convai-monitor/serviceAccounts/firebase-app-hosting-compute@convai-monitor.iam.gserviceaccount.com:testIamPermissions  x-goog-user-project=convai-monitor
[debug] [2026-05-05T13:39:02.904Z] >>> [apiv2][body] POST https://iam.googleapis.com/v1/projects/convai-monitor/serviceAccounts/firebase-app-hosting-compute@convai-monitor.iam.gserviceaccount.com:testIamPermissions {"permissions":["iam.serviceAccounts.actAs"]}
[debug] [2026-05-05T13:39:03.830Z] <<< [apiv2][status] POST https://iam.googleapis.com/v1/projects/convai-monitor/serviceAccounts/firebase-app-hosting-compute@convai-monitor.iam.gserviceaccount.com:testIamPermissions 200
[debug] [2026-05-05T13:39:03.830Z] <<< [apiv2][body] POST https://iam.googleapis.com/v1/projects/convai-monitor/serviceAccounts/firebase-app-hosting-compute@convai-monitor.iam.gserviceaccount.com:testIamPermissions {"permissions":["iam.serviceAccounts.actAs"]}
[debug] [2026-05-05T13:39:03.831Z] Checked if tokens are valid: true, expires at: 1777991930411
[debug] [2026-05-05T13:39:03.831Z] Checked if tokens are valid: true, expires at: 1777991930411
[debug] [2026-05-05T13:39:03.831Z] >>> [apiv2][query] POST https://iam.googleapis.com/v1/projects/convai-monitor/serviceAccounts [none]
[debug] [2026-05-05T13:39:03.831Z] >>> [apiv2][body] POST https://iam.googleapis.com/v1/projects/convai-monitor/serviceAccounts {"accountId":"firebase-app-hosting-compute","serviceAccount":{"displayName":"Firebase App Hosting compute service account","description":"Default service account used to run builds and deploys for Firebase App Hosting"}}
[debug] [2026-05-05T13:39:04.212Z] <<< [apiv2][status] POST https://iam.googleapis.com/v1/projects/convai-monitor/serviceAccounts 409
[debug] [2026-05-05T13:39:04.213Z] <<< [apiv2][body] POST https://iam.googleapis.com/v1/projects/convai-monitor/serviceAccounts [omitted]
[debug] [2026-05-05T13:39:04.214Z] Checked if tokens are valid: true, expires at: 1777991930411
[debug] [2026-05-05T13:39:04.214Z] Checked if tokens are valid: true, expires at: 1777991930411
[debug] [2026-05-05T13:39:04.214Z] >>> [apiv2][query] POST https://cloudresourcemanager.googleapis.com/v1/projects/convai-monitor:getIamPolicy [none]
[debug] [2026-05-05T13:39:05.076Z] <<< [apiv2][status] POST https://cloudresourcemanager.googleapis.com/v1/projects/convai-monitor:getIamPolicy 200
[debug] [2026-05-05T13:39:05.076Z] <<< [apiv2][body] POST https://cloudresourcemanager.googleapis.com/v1/projects/convai-monitor:getIamPolicy {"version":1,"etag":"BwZREibsK+s=","bindings":[{"role":"roles/cloudbuild.builds.builder","members":["serviceAccount:370322718459@cloudbuild.gserviceaccount.com"]},{"role":"roles/cloudbuild.serviceAgent","members":["serviceAccount:service-370322718459@gcp-sa-cloudbuild.iam.gserviceaccount.com"]},{"role":"roles/containerregistry.ServiceAgent","members":["serviceAccount:service-370322718459@containerregistry.iam.gserviceaccount.com"]},{"role":"roles/developerconnect.readTokenAccessor","members":["serviceAccount:firebase-app-hosting-compute@convai-monitor.iam.gserviceaccount.com"]},{"role":"roles/developerconnect.serviceAgent","members":["serviceAccount:service-370322718459@gcp-sa-devconnect.iam.gserviceaccount.com"]},{"role":"roles/editor","members":["serviceAccount:370322718459-compute@developer.gserviceaccount.com"]},{"role":"roles/firebase.managementServiceAgent","members":["serviceAccount:service-370322718459@gcp-sa-firebase.iam.gserviceaccount.com"]},{"role":"roles/firebase.sdkAdminServiceAgent","members":["serviceAccount:firebase-adminsdk-fbsvc@convai-monitor.iam.gserviceaccount.com","serviceAccount:firebase-app-hosting-compute@convai-monitor.iam.gserviceaccount.com"]},{"role":"roles/firebaseapphosting.computeRunner","members":["serviceAccount:firebase-app-hosting-compute@convai-monitor.iam.gserviceaccount.com"]},{"role":"roles/firebaseapphosting.serviceAgent","members":["serviceAccount:service-370322718459@gcp-sa-firebaseapphosting.iam.gserviceaccount.com"]},{"role":"roles/iam.serviceAccountTokenCreator","members":["serviceAccount:firebase-adminsdk-fbsvc@convai-monitor.iam.gserviceaccount.com"]},{"role":"roles/owner","members":["user:brando@iginius.net","user:chiara.rotolo@iginius.net"]},{"role":"roles/run.serviceAgent","members":["serviceAccount:service-370322718459@serverless-robot-prod.iam.gserviceaccount.com"]},{"role":"roles/secretmanager.admin_withcond_eb09ca3c084a6673d38b","members":["serviceAccount:service-370322718459@gcp-sa-devconnect.iam.gserviceaccount.com"]},{"role":"roles/storage.objectViewer","members":["serviceAccount:firebase-app-hosting-compute@convai-monitor.iam.gserviceaccount.com"]}]}
[debug] [2026-05-05T13:39:05.078Z] Checked if tokens are valid: true, expires at: 1777991930411
[debug] [2026-05-05T13:39:05.078Z] Checked if tokens are valid: true, expires at: 1777991930411
[debug] [2026-05-05T13:39:05.078Z] >>> [apiv2][query] POST https://cloudresourcemanager.googleapis.com/v1/projects/convai-monitor:setIamPolicy [none]
[debug] [2026-05-05T13:39:05.078Z] >>> [apiv2][body] POST https://cloudresourcemanager.googleapis.com/v1/projects/convai-monitor:setIamPolicy {"policy":{"version":1,"etag":"BwZREibsK+s=","bindings":[{"role":"roles/cloudbuild.builds.builder","members":["serviceAccount:370322718459@cloudbuild.gserviceaccount.com"]},{"role":"roles/cloudbuild.serviceAgent","members":["serviceAccount:service-370322718459@gcp-sa-cloudbuild.iam.gserviceaccount.com"]},{"role":"roles/containerregistry.ServiceAgent","members":["serviceAccount:service-370322718459@containerregistry.iam.gserviceaccount.com"]},{"role":"roles/developerconnect.readTokenAccessor","members":["serviceAccount:firebase-app-hosting-compute@convai-monitor.iam.gserviceaccount.com"]},{"role":"roles/developerconnect.serviceAgent","members":["serviceAccount:service-370322718459@gcp-sa-devconnect.iam.gserviceaccount.com"]},{"role":"roles/editor","members":["serviceAccount:370322718459-compute@developer.gserviceaccount.com"]},{"role":"roles/firebase.managementServiceAgent","members":["serviceAccount:service-370322718459@gcp-sa-firebase.iam.gserviceaccount.com"]},{"role":"roles/firebase.sdkAdminServiceAgent","members":["serviceAccount:firebase-adminsdk-fbsvc@convai-monitor.iam.gserviceaccount.com","serviceAccount:firebase-app-hosting-compute@convai-monitor.iam.gserviceaccount.com"]},{"role":"roles/firebaseapphosting.computeRunner","members":["serviceAccount:firebase-app-hosting-compute@convai-monitor.iam.gserviceaccount.com"]},{"role":"roles/firebaseapphosting.serviceAgent","members":["serviceAccount:service-370322718459@gcp-sa-firebaseapphosting.iam.gserviceaccount.com"]},{"role":"roles/iam.serviceAccountTokenCreator","members":["serviceAccount:firebase-adminsdk-fbsvc@convai-monitor.iam.gserviceaccount.com"]},{"role":"roles/owner","members":["user:brando@iginius.net","user:chiara.rotolo@iginius.net"]},{"role":"roles/run.serviceAgent","members":["serviceAccount:service-370322718459@serverless-robot-prod.iam.gserviceaccount.com"]},{"role":"roles/secretmanager.admin_withcond_eb09ca3c084a6673d38b","members":["serviceAccount:service-370322718459@gcp-sa-devconnect.iam.gserviceaccount.com"]},{"role":"roles/storage.objectViewer","members":["serviceAccount:firebase-app-hosting-compute@convai-monitor.iam.gserviceaccount.com"]}]},"updateMask":"bindings"}
[debug] [2026-05-05T13:39:05.995Z] <<< [apiv2][status] POST https://cloudresourcemanager.googleapis.com/v1/projects/convai-monitor:setIamPolicy 200
[debug] [2026-05-05T13:39:05.996Z] <<< [apiv2][body] POST https://cloudresourcemanager.googleapis.com/v1/projects/convai-monitor:setIamPolicy {"version":1,"etag":"BwZREivEyWs=","bindings":[{"role":"roles/cloudbuild.builds.builder","members":["serviceAccount:370322718459@cloudbuild.gserviceaccount.com"]},{"role":"roles/cloudbuild.serviceAgent","members":["serviceAccount:service-370322718459@gcp-sa-cloudbuild.iam.gserviceaccount.com"]},{"role":"roles/containerregistry.ServiceAgent","members":["serviceAccount:service-370322718459@containerregistry.iam.gserviceaccount.com"]},{"role":"roles/developerconnect.readTokenAccessor","members":["serviceAccount:firebase-app-hosting-compute@convai-monitor.iam.gserviceaccount.com"]},{"role":"roles/developerconnect.serviceAgent","members":["serviceAccount:service-370322718459@gcp-sa-devconnect.iam.gserviceaccount.com"]},{"role":"roles/editor","members":["serviceAccount:370322718459-compute@developer.gserviceaccount.com"]},{"role":"roles/firebase.managementServiceAgent","members":["serviceAccount:service-370322718459@gcp-sa-firebase.iam.gserviceaccount.com"]},{"role":"roles/firebase.sdkAdminServiceAgent","members":["serviceAccount:firebase-adminsdk-fbsvc@convai-monitor.iam.gserviceaccount.com","serviceAccount:firebase-app-hosting-compute@convai-monitor.iam.gserviceaccount.com"]},{"role":"roles/firebaseapphosting.computeRunner","members":["serviceAccount:firebase-app-hosting-compute@convai-monitor.iam.gserviceaccount.com"]},{"role":"roles/firebaseapphosting.serviceAgent","members":["serviceAccount:service-370322718459@gcp-sa-firebaseapphosting.iam.gserviceaccount.com"]},{"role":"roles/iam.serviceAccountTokenCreator","members":["serviceAccount:firebase-adminsdk-fbsvc@convai-monitor.iam.gserviceaccount.com"]},{"role":"roles/owner","members":["user:brando@iginius.net","user:chiara.rotolo@iginius.net"]},{"role":"roles/run.serviceAgent","members":["serviceAccount:service-370322718459@serverless-robot-prod.iam.gserviceaccount.com"]},{"role":"roles/secretmanager.admin_withcond_eb09ca3c084a6673d38b","members":["serviceAccount:service-370322718459@gcp-sa-devconnect.iam.gserviceaccount.com"]},{"role":"roles/storage.objectViewer","members":["serviceAccount:firebase-app-hosting-compute@convai-monitor.iam.gserviceaccount.com"]}]}
[debug] [2026-05-05T13:39:05.996Z] Checked if tokens are valid: true, expires at: 1777991930411
[debug] [2026-05-05T13:39:05.996Z] Checked if tokens are valid: true, expires at: 1777991930411
[debug] [2026-05-05T13:39:05.997Z] >>> [apiv2][query] GET https://firebaseapphosting.googleapis.com/v1beta/projects/convai-monitor/locations 
[debug] [2026-05-05T13:39:06.936Z] <<< [apiv2][status] GET https://firebaseapphosting.googleapis.com/v1beta/projects/convai-monitor/locations 200
[debug] [2026-05-05T13:39:06.937Z] <<< [apiv2][body] GET https://firebaseapphosting.googleapis.com/v1beta/projects/convai-monitor/locations {"locations":[{"name":"projects/convai-monitor/locations/asia-east1","locationId":"asia-east1","displayName":"Taiwan"},{"name":"projects/convai-monitor/locations/asia-southeast1","locationId":"asia-southeast1","displayName":"Singapore"},{"name":"projects/convai-monitor/locations/europe-west4","locationId":"europe-west4","displayName":"Netherlands"},{"name":"projects/convai-monitor/locations/us-central1","locationId":"us-central1","displayName":"Iowa"},{"name":"projects/convai-monitor/locations/us-east4","locationId":"us-east4","displayName":"Northern Virginia"},{"name":"projects/convai-monitor/locations/us-east5","locationId":"us-east5","displayName":"Columbus"}]}
[info] +  Location set to europe-west4.
 
[info] i  === Set up your backend 
[debug] [2026-05-05T13:39:17.362Z] Checked if tokens are valid: true, expires at: 1777991930411
[debug] [2026-05-05T13:39:17.362Z] Checked if tokens are valid: true, expires at: 1777991930411
[debug] [2026-05-05T13:39:17.362Z] >>> [apiv2][query] GET https://firebaseapphosting.googleapis.com/v1beta/projects/convai-monitor/locations/europe-west4/backends/convai-monitor-backend [none]
[debug] [2026-05-05T13:39:17.614Z] <<< [apiv2][status] GET https://firebaseapphosting.googleapis.com/v1beta/projects/convai-monitor/locations/europe-west4/backends/convai-monitor-backend 404
[debug] [2026-05-05T13:39:17.614Z] <<< [apiv2][body] GET https://firebaseapphosting.googleapis.com/v1beta/projects/convai-monitor/locations/europe-west4/backends/convai-monitor-backend {"error":{"code":404,"message":"Resource 'projects/convai-monitor/locations/europe-west4/backends/convai-monitor-backend' was not found","status":"NOT_FOUND","details":[{"@type":"type.googleapis.com/google.rpc.ResourceInfo","resourceName":"projects/convai-monitor/locations/europe-west4/backends/convai-monitor-backend"}]}}
[info] +  Name set to convai-monitor-backend
 
[info] i  === Import a GitHub repository 
[debug] [2026-05-05T13:39:23.153Z] Checked if tokens are valid: true, expires at: 1777991930411
[debug] [2026-05-05T13:39:23.153Z] Checked if tokens are valid: true, expires at: 1777991930411
[debug] [2026-05-05T13:39:23.154Z] >>> [apiv2][query] GET https://developerconnect.googleapis.com/v1/projects/convai-monitor/locations/europe-west4/connections pageSize=1000&pageToken=
[debug] [2026-05-05T13:39:23.497Z] <<< [apiv2][status] GET https://developerconnect.googleapis.com/v1/projects/convai-monitor/locations/europe-west4/connections 200
[debug] [2026-05-05T13:39:23.497Z] <<< [apiv2][body] GET https://developerconnect.googleapis.com/v1/projects/convai-monitor/locations/europe-west4/connections {"connections":[{"name":"projects/convai-monitor/locations/europe-west4/connections/apphosting-github-conn-vq3zp8","createTime":"2026-05-05T13:25:28.428215667Z","updateTime":"2026-05-05T13:25:28.862134812Z","githubConfig":{"githubApp":"FIREBASE","authorizerCredential":{"oauthTokenSecretVersion":"projects/convai-monitor/secrets/apphosting-github-conn-7273a0r-github-oauthtoken-a5b53e/versions/latest","username":"chiaraiginius"}},"installationState":{"stage":"PENDING_INSTALL_APP","message":"Please follow the link to install the GitHub App","actionUri":"https://accounts.google.com/AccountChooser?continue=https%3A%2F%2Fconsole.cloud.google.com%2Fdeveloper-connect%2Ffinish-setup%3Fstate%3D%257B%2522connection%2522%253A%2B%2522projects%252Fconvai-monitor%252Flocations%252Feurope-west4%252Fconnections%252Fapphosting-github-conn-vq3zp8%2522%257D"},"uid":"3da051ac-aaff-4578-b018-26a11bfd8f6e"},{"name":"projects/convai-monitor/locations/europe-west4/connections/apphosting-github-conn-2993x4","createTime":"2026-05-05T13:15:09.374290543Z","updateTime":"2026-05-05T13:15:09.785265849Z","githubConfig":{"githubApp":"FIREBASE","authorizerCredential":{"oauthTokenSecretVersion":"projects/convai-monitor/secrets/apphosting-github-conn-7273a0r-github-oauthtoken-a5b53e/versions/latest","username":"chiaraiginius"}},"installationState":{"stage":"PENDING_INSTALL_APP","message":"Please follow the link to install the GitHub App","actionUri":"https://accounts.google.com/AccountChooser?continue=https%3A%2F%2Fconsole.cloud.google.com%2Fdeveloper-connect%2Ffinish-setup%3Fstate%3D%257B%2522connection%2522%253A%2B%2522projects%252Fconvai-monitor%252Flocations%252Feurope-west4%252Fconnections%252Fapphosting-github-conn-2993x4%2522%257D"},"uid":"bac60eca-05ae-4299-84c4-cc4a52b12be6"},{"name":"projects/convai-monitor/locations/europe-west4/connections/apphosting-github-conn-7273a0r","createTime":"2026-05-05T13:05:20.099222882Z","updateTime":"2026-05-05T13:06:51.506997020Z","githubConfig":{"githubApp":"FIREBASE","authorizerCredential":{"oauthTokenSecretVersion":"projects/convai-monitor/secrets/apphosting-github-conn-7273a0r-github-oauthtoken-a5b53e/versions/latest","username":"chiaraiginius"},"appInstallationId":"129699341","installationUri":"https://github.com/settings/installations/129699341"},"installationState":{"stage":"COMPLETE"},"uid":"68e8a98d-7a9f-4256-89b3-b1139b8836e7"},{"name":"projects/convai-monitor/locations/europe-west4/connections/apphosting-github-conn-wtjb9p","createTime":"2026-05-05T13:11:53.284477099Z","updateTime":"2026-05-05T13:11:53.684406216Z","githubConfig":{"githubApp":"FIREBASE","authorizerCredential":{"oauthTokenSecretVersion":"projects/convai-monitor/secrets/apphosting-github-conn-7273a0r-github-oauthtoken-a5b53e/versions/latest","username":"chiaraiginius"}},"installationState":{"stage":"PENDING_INSTALL_APP","message":"Please follow the link to install the GitHub App","actionUri":"https://accounts.google.com/AccountChooser?continue=https%3A%2F%2Fconsole.cloud.google.com%2Fdeveloper-connect%2Ffinish-setup%3Fstate%3D%257B%2522connection%2522%253A%2B%2522projects%252Fconvai-monitor%252Flocations%252Feurope-west4%252Fconnections%252Fapphosting-github-conn-wtjb9p%2522%257D"},"uid":"71b6a1f5-ef3e-4ae6-8df6-2db3e3dc59d1"},{"name":"projects/convai-monitor/locations/europe-west4/connections/apphosting-github-conn-b7xdehg","createTime":"2026-05-05T13:12:30.396434913Z","updateTime":"2026-05-05T13:12:30.830452225Z","githubConfig":{"githubApp":"FIREBASE","authorizerCredential":{"oauthTokenSecretVersion":"projects/convai-monitor/secrets/apphosting-github-conn-7273a0r-github-oauthtoken-a5b53e/versions/latest","username":"chiaraiginius"}},"installationState":{"stage":"PENDING_INSTALL_APP","message":"Please follow the link to install the GitHub App","actionUri":"https://accounts.google.com/AccountChooser?continue=https%3A%2F%2Fconsole.cloud.google.com%2Fdeveloper-connect%2Ffinish-setup%3Fstate%3D%257B%2522connection%2522%253A%2B%2522projects%252Fconvai-monitor%252Flocations%252Feurope-west4%252Fconnections%252Fapphosting-github-conn-b7xdehg%2522%257D"},"uid":"86e04a1f-e12b-41e3-9b32-c7382fbb5379"}]}
[debug] [2026-05-05T13:39:23.498Z] Checked if tokens are valid: true, expires at: 1777991930411
[debug] [2026-05-05T13:39:23.498Z] Checked if tokens are valid: true, expires at: 1777991930411
[debug] [2026-05-05T13:39:23.498Z] >>> [apiv2][query] GET https://developerconnect.googleapis.com/v1/projects/convai-monitor/locations/europe-west4/connections/apphosting-github-conn-7273a0r:fetchGitHubInstallations [none]
[debug] [2026-05-05T13:39:23.914Z] <<< [apiv2][status] GET https://developerconnect.googleapis.com/v1/projects/convai-monitor/locations/europe-west4/connections/apphosting-github-conn-7273a0r:fetchGitHubInstallations 200
[debug] [2026-05-05T13:39:23.914Z] <<< [apiv2][body] GET https://developerconnect.googleapis.com/v1/projects/convai-monitor/locations/europe-west4/connections/apphosting-github-conn-7273a0r:fetchGitHubInstallations {"installations":[{"id":"129699341","name":"chiaraiginius","type":"user"}]}
[debug] [2026-05-05T13:39:47.621Z] Checked if tokens are valid: true, expires at: 1777991930411
[debug] [2026-05-05T13:39:47.621Z] Checked if tokens are valid: true, expires at: 1777991930411
[debug] [2026-05-05T13:39:47.621Z] >>> [apiv2][query] GET https://developerconnect.googleapis.com/v1/projects/convai-monitor/locations/europe-west4/connections pageSize=1000&pageToken=
[debug] [2026-05-05T13:39:47.924Z] <<< [apiv2][status] GET https://developerconnect.googleapis.com/v1/projects/convai-monitor/locations/europe-west4/connections 200
[debug] [2026-05-05T13:39:47.924Z] <<< [apiv2][body] GET https://developerconnect.googleapis.com/v1/projects/convai-monitor/locations/europe-west4/connections {"connections":[{"name":"projects/convai-monitor/locations/europe-west4/connections/apphosting-github-conn-vq3zp8","createTime":"2026-05-05T13:25:28.428215667Z","updateTime":"2026-05-05T13:25:28.862134812Z","githubConfig":{"githubApp":"FIREBASE","authorizerCredential":{"oauthTokenSecretVersion":"projects/convai-monitor/secrets/apphosting-github-conn-7273a0r-github-oauthtoken-a5b53e/versions/latest","username":"chiaraiginius"}},"installationState":{"stage":"PENDING_INSTALL_APP","message":"Please follow the link to install the GitHub App","actionUri":"https://accounts.google.com/AccountChooser?continue=https%3A%2F%2Fconsole.cloud.google.com%2Fdeveloper-connect%2Ffinish-setup%3Fstate%3D%257B%2522connection%2522%253A%2B%2522projects%252Fconvai-monitor%252Flocations%252Feurope-west4%252Fconnections%252Fapphosting-github-conn-vq3zp8%2522%257D"},"uid":"3da051ac-aaff-4578-b018-26a11bfd8f6e"},{"name":"projects/convai-monitor/locations/europe-west4/connections/apphosting-github-conn-2993x4","createTime":"2026-05-05T13:15:09.374290543Z","updateTime":"2026-05-05T13:15:09.785265849Z","githubConfig":{"githubApp":"FIREBASE","authorizerCredential":{"oauthTokenSecretVersion":"projects/convai-monitor/secrets/apphosting-github-conn-7273a0r-github-oauthtoken-a5b53e/versions/latest","username":"chiaraiginius"}},"installationState":{"stage":"PENDING_INSTALL_APP","message":"Please follow the link to install the GitHub App","actionUri":"https://accounts.google.com/AccountChooser?continue=https%3A%2F%2Fconsole.cloud.google.com%2Fdeveloper-connect%2Ffinish-setup%3Fstate%3D%257B%2522connection%2522%253A%2B%2522projects%252Fconvai-monitor%252Flocations%252Feurope-west4%252Fconnections%252Fapphosting-github-conn-2993x4%2522%257D"},"uid":"bac60eca-05ae-4299-84c4-cc4a52b12be6"},{"name":"projects/convai-monitor/locations/europe-west4/connections/apphosting-github-conn-7273a0r","createTime":"2026-05-05T13:05:20.099222882Z","updateTime":"2026-05-05T13:06:51.506997020Z","githubConfig":{"githubApp":"FIREBASE","authorizerCredential":{"oauthTokenSecretVersion":"projects/convai-monitor/secrets/apphosting-github-conn-7273a0r-github-oauthtoken-a5b53e/versions/latest","username":"chiaraiginius"},"appInstallationId":"129699341","installationUri":"https://github.com/settings/installations/129699341"},"installationState":{"stage":"COMPLETE"},"uid":"68e8a98d-7a9f-4256-89b3-b1139b8836e7"},{"name":"projects/convai-monitor/locations/europe-west4/connections/apphosting-github-conn-wtjb9p","createTime":"2026-05-05T13:11:53.284477099Z","updateTime":"2026-05-05T13:11:53.684406216Z","githubConfig":{"githubApp":"FIREBASE","authorizerCredential":{"oauthTokenSecretVersion":"projects/convai-monitor/secrets/apphosting-github-conn-7273a0r-github-oauthtoken-a5b53e/versions/latest","username":"chiaraiginius"}},"installationState":{"stage":"PENDING_INSTALL_APP","message":"Please follow the link to install the GitHub App","actionUri":"https://accounts.google.com/AccountChooser?continue=https%3A%2F%2Fconsole.cloud.google.com%2Fdeveloper-connect%2Ffinish-setup%3Fstate%3D%257B%2522connection%2522%253A%2B%2522projects%252Fconvai-monitor%252Flocations%252Feurope-west4%252Fconnections%252Fapphosting-github-conn-wtjb9p%2522%257D"},"uid":"71b6a1f5-ef3e-4ae6-8df6-2db3e3dc59d1"},{"name":"projects/convai-monitor/locations/europe-west4/connections/apphosting-github-conn-b7xdehg","createTime":"2026-05-05T13:12:30.396434913Z","updateTime":"2026-05-05T13:12:30.830452225Z","githubConfig":{"githubApp":"FIREBASE","authorizerCredential":{"oauthTokenSecretVersion":"projects/convai-monitor/secrets/apphosting-github-conn-7273a0r-github-oauthtoken-a5b53e/versions/latest","username":"chiaraiginius"}},"installationState":{"stage":"PENDING_INSTALL_APP","message":"Please follow the link to install the GitHub App","actionUri":"https://accounts.google.com/AccountChooser?continue=https%3A%2F%2Fconsole.cloud.google.com%2Fdeveloper-connect%2Ffinish-setup%3Fstate%3D%257B%2522connection%2522%253A%2B%2522projects%252Fconvai-monitor%252Flocations%252Feurope-west4%252Fconnections%252Fapphosting-github-conn-b7xdehg%2522%257D"},"uid":"86e04a1f-e12b-41e3-9b32-c7382fbb5379"}]}
[info] i  Reusing matching connection apphosting-github-conn-7273a0r 
[debug] [2026-05-05T13:39:47.926Z] Checked if tokens are valid: true, expires at: 1777991930411
[debug] [2026-05-05T13:39:47.926Z] Checked if tokens are valid: true, expires at: 1777991930411
[debug] [2026-05-05T13:39:47.926Z] >>> [apiv2][query] GET https://developerconnect.googleapis.com/v1/projects/convai-monitor/locations/europe-west4/connections/apphosting-github-conn-7273a0r:fetchLinkableGitRepositories pageSize=1000&pageToken=
[debug] [2026-05-05T13:39:48.370Z] <<< [apiv2][status] GET https://developerconnect.googleapis.com/v1/projects/convai-monitor/locations/europe-west4/connections/apphosting-github-conn-7273a0r:fetchLinkableGitRepositories 200
[debug] [2026-05-05T13:39:48.370Z] <<< [apiv2][body] GET https://developerconnect.googleapis.com/v1/projects/convai-monitor/locations/europe-west4/connections/apphosting-github-conn-7273a0r:fetchLinkableGitRepositories {"linkableGitRepositories":[{"cloneUri":"https://github.com/chiaraiginius/convai-monitor.git"}]}
[info] i  Manage the Firebase App Hosting GitHub app to enable access to GitHub repositories 
[info] i  https://github.com/settings/installations/129699341 
[debug] [2026-05-05T13:46:42.818Z] Checked if tokens are valid: true, expires at: 1777991930411
[debug] [2026-05-05T13:46:42.818Z] Checked if tokens are valid: true, expires at: 1777991930411
[debug] [2026-05-05T13:46:42.818Z] >>> [apiv2][query] GET https://developerconnect.googleapis.com/v1/projects/convai-monitor/locations/europe-west4/connections/apphosting-github-conn-7273a0r:fetchLinkableGitRepositories pageSize=1000&pageToken=
[debug] [2026-05-05T13:46:43.570Z] <<< [apiv2][status] GET https://developerconnect.googleapis.com/v1/projects/convai-monitor/locations/europe-west4/connections/apphosting-github-conn-7273a0r:fetchLinkableGitRepositories 200
[debug] [2026-05-05T13:46:43.570Z] <<< [apiv2][body] GET https://developerconnect.googleapis.com/v1/projects/convai-monitor/locations/europe-west4/connections/apphosting-github-conn-7273a0r:fetchLinkableGitRepositories {"linkableGitRepositories":[{"cloneUri":"https://github.com/chiaraiginius/convai-monitor.git"}]}
[debug] [2026-05-05T13:46:46.805Z] Checked if tokens are valid: true, expires at: 1777991930411
[debug] [2026-05-05T13:46:46.805Z] Checked if tokens are valid: true, expires at: 1777991930411
[debug] [2026-05-05T13:46:46.806Z] >>> [apiv2][query] GET https://developerconnect.googleapis.com/v1/projects/convai-monitor/locations/europe-west4/connections/apphosting-github-conn-7273a0r [none]
[debug] [2026-05-05T13:46:46.933Z] <<< [apiv2][status] GET https://developerconnect.googleapis.com/v1/projects/convai-monitor/locations/europe-west4/connections/apphosting-github-conn-7273a0r 200
[debug] [2026-05-05T13:46:46.933Z] <<< [apiv2][body] GET https://developerconnect.googleapis.com/v1/projects/convai-monitor/locations/europe-west4/connections/apphosting-github-conn-7273a0r {"name":"projects/convai-monitor/locations/europe-west4/connections/apphosting-github-conn-7273a0r","createTime":"2026-05-05T13:05:20.099222882Z","updateTime":"2026-05-05T13:06:51.506997020Z","githubConfig":{"githubApp":"FIREBASE","authorizerCredential":{"oauthTokenSecretVersion":"projects/convai-monitor/secrets/apphosting-github-conn-7273a0r-github-oauthtoken-a5b53e/versions/latest","username":"chiaraiginius"},"appInstallationId":"129699341","installationUri":"https://github.com/settings/installations/129699341"},"installationState":{"stage":"COMPLETE"},"uid":"68e8a98d-7a9f-4256-89b3-b1139b8836e7"}
[debug] [2026-05-05T13:46:46.934Z] Checked if tokens are valid: true, expires at: 1777991930411
[debug] [2026-05-05T13:46:46.934Z] Checked if tokens are valid: true, expires at: 1777991930411
[debug] [2026-05-05T13:46:46.934Z] >>> [apiv2][query] GET https://developerconnect.googleapis.com/v1/projects/convai-monitor/locations/europe-west4/connections/apphosting-github-conn-7273a0r/gitRepositoryLinks/chiaraiginius-convai-monitor [none]
[debug] [2026-05-05T13:46:47.044Z] <<< [apiv2][status] GET https://developerconnect.googleapis.com/v1/projects/convai-monitor/locations/europe-west4/connections/apphosting-github-conn-7273a0r/gitRepositoryLinks/chiaraiginius-convai-monitor 200
[debug] [2026-05-05T13:46:47.044Z] <<< [apiv2][body] GET https://developerconnect.googleapis.com/v1/projects/convai-monitor/locations/europe-west4/connections/apphosting-github-conn-7273a0r/gitRepositoryLinks/chiaraiginius-convai-monitor {"name":"projects/convai-monitor/locations/europe-west4/connections/apphosting-github-conn-7273a0r/gitRepositoryLinks/chiaraiginius-convai-monitor","cloneUri":"https://github.com/chiaraiginius/convai-monitor.git","createTime":"2026-05-05T13:07:57.795453317Z","updateTime":"2026-05-05T13:07:58.361079127Z"}
[debug] [2026-05-05T13:46:47.045Z] Checked if tokens are valid: true, expires at: 1777991930411
[debug] [2026-05-05T13:46:47.045Z] Checked if tokens are valid: true, expires at: 1777991930411
[debug] [2026-05-05T13:46:47.046Z] >>> [apiv2][query] GET https://developerconnect.googleapis.com/v1/projects/convai-monitor/locations/europe-west4/connections/apphosting-github-conn-7273a0r/gitRepositoryLinks/chiaraiginius-convai-monitor:fetchGitRefs refType=BRANCH&pageSize=1000&pageToken=
[debug] [2026-05-05T13:46:47.582Z] <<< [apiv2][status] GET https://developerconnect.googleapis.com/v1/projects/convai-monitor/locations/europe-west4/connections/apphosting-github-conn-7273a0r/gitRepositoryLinks/chiaraiginius-convai-monitor:fetchGitRefs 200
[debug] [2026-05-05T13:46:47.582Z] <<< [apiv2][body] GET https://developerconnect.googleapis.com/v1/projects/convai-monitor/locations/europe-west4/connections/apphosting-github-conn-7273a0r/gitRepositoryLinks/chiaraiginius-convai-monitor:fetchGitRefs {}
[debug] [2026-05-05T13:46:53.354Z] ExitPromptError: User force closed the prompt with SIGINT
    at Interface.sigint (C:\Users\Chiara\AppData\Roaming\npm\node_modules\firebase-tools\node_modules\@inquirer\core\dist\commonjs\lib\create-prompt.js:101:37)
    at Interface.emit (node:events:518:28)
    at [_ttyWrite] [as _ttyWrite] (node:internal/readline/interface:1124:18)
    at ReadStream.onkeypress (node:internal/readline/interface:263:20)
    at ReadStream.emit (node:events:530:35)
    at emitKeys (node:internal/readline/utils:370:14)
    at emitKeys.next (<anonymous>)
    at ReadStream.onData (node:internal/readline/emitKeypressEvents:64:36)
    at ReadStream.emit (node:events:518:28)
    at addChunk (node:internal/streams/readable:561:12)
[error] 
[error] Error: An unexpected error has occurred.
